<?xml version="1.0" encoding="utf-8"?><testsuites><testsuite name="pytest" errors="0" failures="0" skipped="0" tests="4" time="1.013" timestamp="2021-11-21T14:57:00.663256" hostname="Romans-MacBook-Pro.local"><testcase classname="tests.test_api" name="test_healthcheck" time="0.002" /><testcase classname="tests.test_api" name="test_currency_list" time="0.266" /><testcase classname="tests.test_api" name="test_currency" time="0.352" /><testcase classname="tests.test_api" name="test_invalid_currency" time="0.001" /></testsuite></testsuites>